生成启动时间为 2017/2/1 11:35:00。
     1>项目“H:\mycode\Prepare\VAHook\VAHook.vcxproj”在节点 3 上(Build 个目标)。
     1>InitializeBuildStatus:
         正在创建“Release\VAHook.tlog\unsuccessfulbuild”，因为已指定“AlwaysCreate”。
       ClCompile:
         D:\VS2015\VS2015\VC\bin\CL.exe /c /Zi /nologo /W3 /WX- /sdl /O2 /Oi /Oy- /GL /D WIN32 /D NDEBUG /D _CONSOLE /D _UNICODE /D UNICODE /Gm- /EHsc /MD /GS /Gy /fp:precise /Zc:wchar_t /Zc:forScope /Zc:inline /Yc"stdafx.h" /Fp"Release\VAHook.pch" /Fo"Release\\" /Fd"Release\vc140.pdb" /Gd /TP /analyze- /errorReport:prompt stdafx.cpp
         stdafx.cpp
         D:\VS2015\VS2015\VC\bin\CL.exe /c /Zi /nologo /W3 /WX- /sdl /O2 /Oi /Oy- /GL /D WIN32 /D NDEBUG /D _CONSOLE /D _UNICODE /D UNICODE /Gm- /EHsc /MD /GS /Gy /fp:precise /Zc:wchar_t /Zc:forScope /Zc:inline /Yu"stdafx.h" /Fp"Release\VAHook.pch" /Fo"Release\\" /Fd"Release\vc140.pdb" /Gd /TP /analyze- /errorReport:prompt VAHook.cpp
         VAHook.cpp
       Link:
         D:\VS2015\VS2015\VC\bin\link.exe /ERRORREPORT:PROMPT /OUT:"H:\mycode\Prepare\Release\VAHook.exe" /INCREMENTAL:NO /NOLOGO kernel32.lib user32.lib gdi32.lib winspool.lib comdlg32.lib advapi32.lib shell32.lib ole32.lib oleaut32.lib uuid.lib odbc32.lib odbccp32.lib /MANIFEST /MANIFESTUAC:"level='asInvoker' uiAccess='false'" /manifest:embed /Debug /PDB:"H:\mycode\Prepare\Release\VAHook.pdb" /SUBSYSTEM:CONSOLE /OPT:REF /OPT:ICF /LTCG:incremental /TLBID:1 /DYNAMICBASE /NXCOMPAT /IMPLIB:"H:\mycode\Prepare\Release\VAHook.lib" /MACHINE:X86 /SAFESEH Release\stdafx.obj
         Release\VAHook.obj
         正在生成代码
         All 8 functions were compiled because no usable IPDB/IOBJ from previous compilation was found.
         已完成代码的生成
         VAHook.vcxproj -> H:\mycode\Prepare\Release\VAHook.exe
       FinalizeBuildStatus:
         正在删除文件“Release\VAHook.tlog\unsuccessfulbuild”。
         正在对“Release\VAHook.tlog\VAHook.lastbuildstate”执行 Touch 任务。
     1>已完成生成项目“H:\mycode\Prepare\VAHook\VAHook.vcxproj”(Build 个目标)的操作。

已成功生成。

已用时间 00:00:02.13
