生成启动时间为 2017/1/22 18:36:15。
     1>项目“H:\mycode\Prepare\Dll\Dll.vcxproj”在节点 4 上(Rebuild 个目标)。
     1>_PrepareForClean:
         正在删除文件“Debug\Dll.tlog\Dll.lastbuildstate”。
       InitializeBuildStatus:
         正在对“Debug\Dll.tlog\unsuccessfulbuild”执行 Touch 任务。
       ClCompile:
         D:\VS2015\VS2015\VC\bin\CL.exe /c /ZI /nologo /W3 /WX- /sdl /Od /Oy- /D WIN32 /D _DEBUG /D _WINDOWS /D _USRDLL /D DLL_EXPORTS /D _WINDLL /D _UNICODE /D UNICODE /Gm /EHsc /RTC1 /MDd /GS /fp:precise /Zc:wchar_t /Zc:forScope /Zc:inline /Yc"stdafx.h" /Fp"Debug\Dll.pch" /Fo"Debug\\" /Fd"Debug\vc140.pdb" /Gd /TP /analyze- /errorReport:prompt stdafx.cpp
         stdafx.cpp
         D:\VS2015\VS2015\VC\bin\CL.exe /c /ZI /nologo /W3 /WX- /sdl /Od /Oy- /D WIN32 /D _DEBUG /D _WINDOWS /D _USRDLL /D DLL_EXPORTS /D _WINDLL /D _UNICODE /D UNICODE /Gm /EHsc /RTC1 /MDd /GS /fp:precise /Zc:wchar_t /Zc:forScope /Zc:inline /Yu"stdafx.h" /Fp"Debug\Dll.pch" /Fo"Debug\\" /Fd"Debug\vc140.pdb" /Gd /TP /analyze- /errorReport:prompt Dll.cpp
         Dll.cpp
         D:\VS2015\VS2015\VC\bin\CL.exe /c /ZI /nologo /W3 /WX- /sdl /Od /Oy- /D WIN32 /D _DEBUG /D _WINDOWS /D _USRDLL /D DLL_EXPORTS /D _WINDLL /D _UNICODE /D UNICODE /Gm /EHsc /RTC1 /MDd /GS /fp:precise /Zc:wchar_t /Zc:forScope /Zc:inline /Fo"Debug\\" /Fd"Debug\vc140.pdb" /Gd /TP /analyze- /errorReport:prompt dllmain.cpp
         dllmain.cpp
       Link:
         D:\VS2015\VS2015\VC\bin\link.exe /ERRORREPORT:PROMPT /OUT:"H:\mycode\Prepare\Debug\Dll.dll" /INCREMENTAL /NOLOGO kernel32.lib user32.lib gdi32.lib winspool.lib comdlg32.lib advapi32.lib shell32.lib ole32.lib oleaut32.lib uuid.lib odbc32.lib odbccp32.lib /MANIFEST /MANIFESTUAC:"level='asInvoker' uiAccess='false'" /manifest:embed /Debug /PDB:"H:\mycode\Prepare\Debug\Dll.pdb" /SUBSYSTEM:WINDOWS /TLBID:1 /DYNAMICBASE /NXCOMPAT /IMPLIB:"H:\mycode\Prepare\Debug\Dll.lib" /MACHINE:X86 /DLL Debug\Dll.obj
         Debug\dllmain.obj
         Debug\stdafx.obj
           正在创建库 H:\mycode\Prepare\Debug\Dll.lib 和对象 H:\mycode\Prepare\Debug\Dll.exp
         Dll.vcxproj -> H:\mycode\Prepare\Debug\Dll.dll
       FinalizeBuildStatus:
         正在删除文件“Debug\Dll.tlog\unsuccessfulbuild”。
         正在对“Debug\Dll.tlog\Dll.lastbuildstate”执行 Touch 任务。
     1>已完成生成项目“H:\mycode\Prepare\Dll\Dll.vcxproj”(Rebuild 个目标)的操作。

已成功生成。

已用时间 00:00:02.39
