生成启动时间为 2017/1/22 18:36:14。
     1>项目“H:\mycode\Prepare\VAHook\VAHook.vcxproj”在节点 3 上(Rebuild 个目标)。
     1>_PrepareForClean:
         正在删除文件“Debug\VAHook.tlog\VAHook.lastbuildstate”。
       InitializeBuildStatus:
         正在创建“Debug\VAHook.tlog\unsuccessfulbuild”，因为已指定“AlwaysCreate”。
       ClCompile:
         D:\VS2015\VS2015\VC\bin\CL.exe /c /ZI /nologo /W3 /WX- /sdl /Od /Oy- /D WIN32 /D _DEBUG /D _CONSOLE /D _UNICODE /D UNICODE /Gm /EHsc /RTC1 /MDd /GS /fp:precise /Zc:wchar_t /Zc:forScope /Zc:inline /Yc"stdafx.h" /Fp"Debug\VAHook.pch" /Fo"Debug\\" /Fd"Debug\vc140.pdb" /Gd /TP /analyze- /errorReport:prompt stdafx.cpp
         stdafx.cpp
         D:\VS2015\VS2015\VC\bin\CL.exe /c /ZI /nologo /W3 /WX- /sdl /Od /Oy- /D WIN32 /D _DEBUG /D _CONSOLE /D _UNICODE /D UNICODE /Gm /EHsc /RTC1 /MDd /GS /fp:precise /Zc:wchar_t /Zc:forScope /Zc:inline /Yu"stdafx.h" /Fp"Debug\VAHook.pch" /Fo"Debug\\" /Fd"Debug\vc140.pdb" /Gd /TP /analyze- /errorReport:prompt VAHook.cpp
         VAHook.cpp
       Link:
         D:\VS2015\VS2015\VC\bin\link.exe /ERRORREPORT:PROMPT /OUT:"H:\mycode\Prepare\Debug\VAHook.exe" /INCREMENTAL /NOLOGO kernel32.lib user32.lib gdi32.lib winspool.lib comdlg32.lib advapi32.lib shell32.lib ole32.lib oleaut32.lib uuid.lib odbc32.lib odbccp32.lib /MANIFEST /MANIFESTUAC:"level='asInvoker' uiAccess='false'" /manifest:embed /Debug /PDB:"H:\mycode\Prepare\Debug\VAHook.pdb" /SUBSYSTEM:CONSOLE /TLBID:1 /DYNAMICBASE /NXCOMPAT /IMPLIB:"H:\mycode\Prepare\Debug\VAHook.lib" /MACHINE:X86 Debug\stdafx.obj
         Debug\VAHook.obj
         VAHook.vcxproj -> H:\mycode\Prepare\Debug\VAHook.exe
       FinalizeBuildStatus:
         正在删除文件“Debug\VAHook.tlog\unsuccessfulbuild”。
         正在对“Debug\VAHook.tlog\VAHook.lastbuildstate”执行 Touch 任务。
     1>已完成生成项目“H:\mycode\Prepare\VAHook\VAHook.vcxproj”(Rebuild 个目标)的操作。

已成功生成。

已用时间 00:00:01.98
