生成启动时间为 2017/3/6 17:23:07。
     1>项目“H:\mycode\MyBlackBone\src\BlackBone\BlackBone.vcxproj”在节点 2 上(Rebuild 个目标)。
     1>_PrepareForClean:
         正在删除文件“x64\Debug\BlackBone.tlog\BlackBone.lastbuildstate”。
       InitializeBuildStatus:
         正在创建“x64\Debug\BlackBone.tlog\unsuccessfulbuild”，因为已指定“AlwaysCreate”。
       ClCompile:
         D:\VS2015\VS2015\VC\bin\x86_amd64\CL.exe /c /ZI /nologo /W3 /WX- /sdl /Od /D _DEBUG /D _LIB /D _UNICODE /D UNICODE /Gm /EHsc /RTC1 /MDd /GS /fp:precise /Zc:wchar_t /Zc:forScope /Zc:inline /Fo"x64\Debug\\" /Fd"x64\Debug\BlackBone.pdb" /Gd /TP /errorReport:prompt Process\Process.cpp Process\ProcessCore.cpp
         ProcessCore.cpp
         Process.cpp
         正在生成代码...
       Lib:
         D:\VS2015\VS2015\VC\bin\x86_amd64\Lib.exe /OUT:"H:\mycode\MyBlackBone\x64\Debug\BlackBone.lib" /NOLOGO /MACHINE:X64 x64\Debug\Process.obj
         x64\Debug\ProcessCore.obj
         BlackBone.vcxproj -> H:\mycode\MyBlackBone\x64\Debug\BlackBone.lib
       CopyFilesToOutputDirectory:
         正在将文件从“x64\Debug\BlackBone.pdb”复制到“H:\mycode\MyBlackBone\x64\Debug\BlackBone.pdb”。
       FinalizeBuildStatus:
         正在删除文件“x64\Debug\BlackBone.tlog\unsuccessfulbuild”。
         正在对“x64\Debug\BlackBone.tlog\BlackBone.lastbuildstate”执行 Touch 任务。
     1>已完成生成项目“H:\mycode\MyBlackBone\src\BlackBone\BlackBone.vcxproj”(Rebuild 个目标)的操作。

已成功生成。

已用时间 00:00:01.40
