H:\mycode\Prepare\SetWindowsDll\x64\Debug\cl.command.1.tlog
H:\mycode\Prepare\SetWindowsDll\x64\Debug\CL.read.1.tlog
H:\mycode\Prepare\SetWindowsDll\x64\Debug\CL.write.1.tlog
H:\MYCODE\PREPARE\SETWINDOWSDLL\X64\DEBUG\DLLMAIN.OBJ
H:\mycode\Prepare\SetWindowsDll\x64\Debug\link.command.1.tlog
H:\mycode\Prepare\SetWindowsDll\x64\Debug\link.read.1.tlog
H:\mycode\Prepare\SetWindowsDll\x64\Debug\link.write.1.tlog
H:\mycode\Prepare\SetWindowsDll\x64\Debug\link-cvtres.read.1.tlog
H:\mycode\Prepare\SetWindowsDll\x64\Debug\link-cvtres.write.1.tlog
H:\mycode\Prepare\SetWindowsDll\x64\Debug\rc.command.1.tlog
H:\mycode\Prepare\SetWindowsDll\x64\Debug\rc.read.1.tlog
H:\mycode\Prepare\SetWindowsDll\x64\Debug\rc.write.1.tlog
H:\mycode\Prepare\SetWindowsDll\x64\Debug\SetWindowsDll.dll.embed.manifest
H:\MYCODE\PREPARE\SETWINDOWSDLL\X64\DEBUG\SETWINDOWSDLL.DLL.EMBED.MANIFEST.RES
H:\mycode\Prepare\SetWindowsDll\x64\Debug\SetWindowsDll.dll.intermediate.manifest
H:\MYCODE\PREPARE\SETWINDOWSDLL\X64\DEBUG\SETWINDOWSDLL.OBJ
H:\MYCODE\PREPARE\SETWINDOWSDLL\X64\DEBUG\SETWINDOWSDLL.PCH
H:\mycode\Prepare\SetWindowsDll\x64\Debug\SetWindowsDll.vcxprojResolveAssemblyReference.cache
H:\mycode\Prepare\SetWindowsDll\x64\Debug\SetWindowsDll.write.1.tlog
H:\mycode\Prepare\SetWindowsDll\x64\Debug\SetWindowsDll_manifest.rc
H:\MYCODE\PREPARE\SETWINDOWSDLL\X64\DEBUG\STDAFX.OBJ
H:\mycode\Prepare\SetWindowsDll\x64\Debug\vc100.idb
H:\MYCODE\PREPARE\SETWINDOWSDLL\X64\DEBUG\VC100.PDB
H:\mycode\Prepare\x64\Debug\SetWindowsDll.pdb
