生成启动时间为 2017/2/1 11:35:00。
     1>项目“H:\mycode\Prepare\Dll\Dll.vcxproj”在节点 4 上(Build 个目标)。
     1>InitializeBuildStatus:
         正在创建“Release\Dll.tlog\unsuccessfulbuild”，因为已指定“AlwaysCreate”。
       ClCompile:
         D:\VS2015\VS2015\VC\bin\CL.exe /c /Zi /nologo /W3 /WX- /sdl /O2 /Oi /Oy- /GL /D WIN32 /D NDEBUG /D _WINDOWS /D _USRDLL /D DLL_EXPORTS /D _WINDLL /D _UNICODE /D UNICODE /Gm- /EHsc /MD /GS /Gy /fp:precise /Zc:wchar_t /Zc:forScope /Zc:inline /Yc"stdafx.h" /Fp"Release\Dll.pch" /Fo"Release\\" /Fd"Release\vc140.pdb" /Gd /TP /analyze- /errorReport:prompt stdafx.cpp
         stdafx.cpp
         D:\VS2015\VS2015\VC\bin\CL.exe /c /Zi /nologo /W3 /WX- /sdl /O2 /Oi /Oy- /GL /D WIN32 /D NDEBUG /D _WINDOWS /D _USRDLL /D DLL_EXPORTS /D _WINDLL /D _UNICODE /D UNICODE /Gm- /EHsc /MD /GS /Gy /fp:precise /Zc:wchar_t /Zc:forScope /Zc:inline /Yu"stdafx.h" /Fp"Release\Dll.pch" /Fo"Release\\" /Fd"Release\vc140.pdb" /Gd /TP /analyze- /errorReport:prompt Dll.cpp
         Dll.cpp
         D:\VS2015\VS2015\VC\bin\CL.exe /c /Zi /nologo /W3 /WX- /sdl /O2 /Oi /Oy- /GL /D WIN32 /D NDEBUG /D _WINDOWS /D _USRDLL /D DLL_EXPORTS /D _WINDLL /D _UNICODE /D UNICODE /Gm- /EHsc /MD /GS /Gy /fp:precise /Zc:wchar_t /Zc:forScope /Zc:inline /Fo"Release\\" /Fd"Release\vc140.pdb" /Gd /TP /analyze- /errorReport:prompt dllmain.cpp
         dllmain.cpp
       Link:
         D:\VS2015\VS2015\VC\bin\link.exe /ERRORREPORT:PROMPT /OUT:"H:\mycode\Prepare\Release\Dll.dll" /INCREMENTAL:NO /NOLOGO kernel32.lib user32.lib gdi32.lib winspool.lib comdlg32.lib advapi32.lib shell32.lib ole32.lib oleaut32.lib uuid.lib odbc32.lib odbccp32.lib /MANIFEST /MANIFESTUAC:"level='asInvoker' uiAccess='false'" /manifest:embed /Debug /PDB:"H:\mycode\Prepare\Release\Dll.pdb" /SUBSYSTEM:WINDOWS /OPT:REF /OPT:ICF /LTCG:incremental /TLBID:1 /DYNAMICBASE /NXCOMPAT /IMPLIB:"H:\mycode\Prepare\Release\Dll.lib" /MACHINE:X86 /SAFESEH /DLL Release\Dll.obj
         Release\dllmain.obj
         Release\stdafx.obj
           正在创建库 H:\mycode\Prepare\Release\Dll.lib 和对象 H:\mycode\Prepare\Release\Dll.exp
         正在生成代码
         All 2 functions were compiled because no usable IPDB/IOBJ from previous compilation was found.
         已完成代码的生成
         Dll.vcxproj -> H:\mycode\Prepare\Release\Dll.dll
       FinalizeBuildStatus:
         正在删除文件“Release\Dll.tlog\unsuccessfulbuild”。
         正在对“Release\Dll.tlog\Dll.lastbuildstate”执行 Touch 任务。
     1>已完成生成项目“H:\mycode\Prepare\Dll\Dll.vcxproj”(Build 个目标)的操作。

已成功生成。

已用时间 00:00:02.23
